<?xml version="1.0" encoding="UTF-8"?>
<!-- Generated by org.testng.reporters.JUnitXMLReporter -->
<testsuite ignored="0" hostname="mahmoud" failures="0" tests="5" name="Test" time="49.006" errors="0" timestamp="2024-08-03T05:58:02 EEST">
  <testcase classname="com.automationexercise.tests.TestCase1" name="registerUser" time="10.728"/>
  <testcase classname="com.automationexercise.tests.TestCase2" name="loginUserWithCorrectEmailAndPassword" time="3.141"/>
  <testcase classname="com.automationexercise.tests.TestCase3" name="loginUserWithIncorrectEmailAndPassword" time="1.827"/>
  <testcase classname="com.automationexercise.tests.TestCase4" name="logoutUser" time="3.525"/>
  <testcase classname="com.automationexercise.tests.TestCase5" name="registerUserWithExistingEmail" time="1.091"/>
</testsuite> <!-- Test -->
