<?xml version="1.0" encoding="UTF-8"?>
<testsuite xmlns:xsi="http://www.w3.org/2001/XMLSchema-instance" xsi:noNamespaceSchemaLocation="https://maven.apache.org/surefire/maven-surefire-plugin/xsd/surefire-test-report-3.0.xsd" version="3.0" name="TestSuite" time="50.38" tests="5" errors="0" skipped="0" failures="0">
  <properties>
[...]
</properties>
  <testcase name="registerUser" classname="com.automationexercise.tests.TestCase1" time="10.739">
    <system-err><![CDATA[SLF4J: Class path contains multiple SLF4J providers.
SLF4J: Found provider [org.slf4j.simple.SimpleServiceProvider@5b38c1ec]
SLF4J: Found provider [ch.qos.logback.classic.spi.LogbackServiceProvider@338fc1d8]
SLF4J: See https://www.slf4j.org/codes.html#multiple_bindings for an explanation.
SLF4J: Actual provider is of type [org.slf4j.simple.SimpleServiceProvider@5b38c1ec]
1722653834809	geckodriver	INFO	Listening on 127.0.0.1:47994
1722653835179	mozrunner::runner	INFO	Running command: "C:\\Program Files\\Firefox Developer Edition\\firefox.exe" "--marionette" "--private" "--remote-debugging-p ... localhost:21884/,http://[::1]:21884/" "-no-remote" "-profile" "C:\\Users\\20122\\AppData\\Local\\Temp\\rust_mozprofileOPbZkM"
console.warn: services.settings: Ignoring preference override of remote settings server
console.warn: services.settings: Allow by setting MOZ_REMOTE_SETTINGS_DEVTOOLS=1 in the environment
Dynamically enable window occlusion 0
1722653835489	Marionette	INFO	Marionette enabled
1722653835583	Marionette	INFO	Listening on port 54909
WebDriver BiDi listening on ws://127.0.0.1:21884
Read port: 54909
1722653835735	RemoteAgent	WARN	TLS certificate errors will be ignored for this session
JavaScript warning: https://automationexercise.com/static/js/jquery.js, line 2: Using //@ to indicate sourceMappingURL pragmas is deprecated. Use //# instead
JavaScript error: , line 0: uncaught exception: undefined
JavaScript warning: https://automationexercise.com/static/js/jquery.js, line 2: Using //@ to indicate sourceMappingURL pragmas is deprecated. Use //# instead
console.warn: LoginRecipes: "Falling back to a synchronous message for: https://automationexercise.com."
console.warn: LoginRecipes: "Falling back to a synchronous message for: https://automationexercise.com."
console.warn: LoginRecipes: "Falling back to a synchronous message for: https://automationexercise.com."
console.warn: LoginRecipes: "Falling back to a synchronous message for: https://automationexercise.com."
JavaScript error: , line 0: uncaught exception: undefined
JavaScript warning: https://automationexercise.com/static/js/jquery.js, line 2: Using //@ to indicate sourceMappingURL pragmas is deprecated. Use //# instead
JavaScript error: resource://gre/actors/FormHandlerChild.sys.mjs, line 103: InvalidStateError: JSWindowActorChild.document getter: Cannot access property 'document' after actor 'FormHandler' has been destroyed
JavaScript warning: https://pagead2.googlesyndication.com/bg/NFZ1mOwYxEzu3Trb4QHr3oiOeNElDH4Ziz6mMFaiIXI.js line 2 > eval line 3717 > eval line 1 > eval line 1 > eval, line 1: WEBGL_debug_renderer_info is deprecated in Firefox and will be removed. Please use RENDERER.
console.warn: LoginRecipes: "Falling back to a synchronous message for: https://automationexercise.com."
console.warn: LoginRecipes: "Falling back to a synchronous message for: https://automationexercise.com."
JavaScript error: resource://devtools/client/jsonview/Sniffer.sys.mjs, line 53: NS_ERROR_NOT_AVAILABLE: Component returned failure code: 0x80040111 (NS_ERROR_NOT_AVAILABLE) [nsIChannel.contentType]
JavaScript warning: https://automationexercise.com/static/js/jquery.js, line 2: Using //@ to indicate sourceMappingURL pragmas is deprecated. Use //# instead
JavaScript warning: https://www.google.com/cse/static/element/8fa85d58e016b414/cse_element__en.js?usqp=CAI%3D, line 351: Script terminated by timeout at:
Wl/u/<@https://www.google.com/cse/static/element/8fa85d58e016b414/cse_element__en.js?usqp=CAI%3D:351:119

]]></system-err>
  </testcase>
  <testcase name="loginUserWithCorrectEmailAndPassword" classname="com.automationexercise.tests.TestCase2" time="3.142">
    <system-err><![CDATA[1722653850717	Marionette	INFO	Stopped listening on port 54909
Dynamically enable window occlusion 1
1722653851401	geckodriver	INFO	Listening on 127.0.0.1:16400
1722653851423	mozrunner::runner	INFO	Running command: "C:\\Program Files\\Firefox Developer Edition\\firefox.exe" "--marionette" "--private" "--remote-debugging-p ... //localhost:5109/,http://[::1]:5109/" "-no-remote" "-profile" "C:\\Users\\20122\\AppData\\Local\\Temp\\rust_mozprofilehLbGP6"
console.warn: services.settings: Ignoring preference override of remote settings server
console.warn: services.settings: Allow by setting MOZ_REMOTE_SETTINGS_DEVTOOLS=1 in the environment
Dynamically enable window occlusion 0
1722653851717	Marionette	INFO	Marionette enabled
1722653851812	Marionette	INFO	Listening on port 55157
WebDriver BiDi listening on ws://127.0.0.1:5109
Read port: 55157
1722653851878	RemoteAgent	WARN	TLS certificate errors will be ignored for this session
JavaScript warning: https://automationexercise.com/static/js/jquery.js, line 2: Using //@ to indicate sourceMappingURL pragmas is deprecated. Use //# instead
JavaScript warning: https://automationexercise.com/static/js/jquery.js, line 2: Using //@ to indicate sourceMappingURL pragmas is deprecated. Use //# instead
console.warn: LoginRecipes: "Falling back to a synchronous message for: https://automationexercise.com."
console.warn: LoginRecipes: "Falling back to a synchronous message for: https://automationexercise.com."
JavaScript warning: https://automationexercise.com/static/js/jquery.js, line 2: Using //@ to indicate sourceMappingURL pragmas is deprecated. Use //# instead
]]></system-err>
  </testcase>
  <testcase name="loginUserWithIncorrectEmailAndPassword" classname="com.automationexercise.tests.TestCase3" time="1.831">
    <system-err><![CDATA[1722653859096	Marionette	INFO	Stopped listening on port 55157
Dynamically enable window occlusion 1
1722653859904	geckodriver	INFO	Listening on 127.0.0.1:42189
1722653859930	mozrunner::runner	INFO	Running command: "C:\\Program Files\\Firefox Developer Edition\\firefox.exe" "--marionette" "--private" "--remote-debugging-p ... localhost:32107/,http://[::1]:32107/" "-no-remote" "-profile" "C:\\Users\\20122\\AppData\\Local\\Temp\\rust_mozprofilesPGroh"
console.warn: services.settings: Ignoring preference override of remote settings server
console.warn: services.settings: Allow by setting MOZ_REMOTE_SETTINGS_DEVTOOLS=1 in the environment
Dynamically enable window occlusion 0
1722653860210	Marionette	INFO	Marionette enabled
1722653860303	Marionette	INFO	Listening on port 55304
WebDriver BiDi listening on ws://127.0.0.1:32107
Read port: 55304
1722653860432	RemoteAgent	WARN	TLS certificate errors will be ignored for this session
JavaScript warning: https://automationexercise.com/static/js/jquery.js, line 2: Using //@ to indicate sourceMappingURL pragmas is deprecated. Use //# instead
JavaScript warning: https://automationexercise.com/static/js/jquery.js, line 2: Using //@ to indicate sourceMappingURL pragmas is deprecated. Use //# instead
console.warn: LoginRecipes: "Falling back to a synchronous message for: https://automationexercise.com."
console.warn: LoginRecipes: "Falling back to a synchronous message for: https://automationexercise.com."
JavaScript warning: https://automationexercise.com/static/js/jquery.js, line 2: Using //@ to indicate sourceMappingURL pragmas is deprecated. Use //# instead
JavaScript error: resource://gre/actors/FormHandlerChild.sys.mjs, line 103: InvalidStateError: JSWindowActorChild.document getter: Cannot access property 'document' after actor 'FormHandler' has been destroyed
]]></system-err>
  </testcase>
  <testcase name="logoutUser" classname="com.automationexercise.tests.TestCase4" time="3.525">
    <system-err><![CDATA[1722653866231	Marionette	INFO	Stopped listening on port 55304
Dynamically enable window occlusion 1
1722653866999	geckodriver	INFO	Listening on 127.0.0.1:9177
1722653867021	mozrunner::runner	INFO	Running command: "C:\\Program Files\\Firefox Developer Edition\\firefox.exe" "--marionette" "--private" "--remote-debugging-p ... //localhost:3378/,http://[::1]:3378/" "-no-remote" "-profile" "C:\\Users\\20122\\AppData\\Local\\Temp\\rust_mozprofilem097Bz"
console.warn: services.settings: Ignoring preference override of remote settings server
console.warn: services.settings: Allow by setting MOZ_REMOTE_SETTINGS_DEVTOOLS=1 in the environment
Dynamically enable window occlusion 0
1722653867284	Marionette	INFO	Marionette enabled
1722653867382	Marionette	INFO	Listening on port 55437
WebDriver BiDi listening on ws://127.0.0.1:3378
Read port: 55437
1722653867527	RemoteAgent	WARN	TLS certificate errors will be ignored for this session
JavaScript warning: https://automationexercise.com/static/js/jquery.js, line 2: Using //@ to indicate sourceMappingURL pragmas is deprecated. Use //# instead
JavaScript warning: https://automationexercise.com/static/js/jquery.js, line 2: Using //@ to indicate sourceMappingURL pragmas is deprecated. Use //# instead
console.warn: LoginRecipes: "Falling back to a synchronous message for: https://automationexercise.com."
console.warn: LoginRecipes: "Falling back to a synchronous message for: https://automationexercise.com."
JavaScript error: , line 0: uncaught exception: undefined
JavaScript warning: https://automationexercise.com/static/js/jquery.js, line 2: Using //@ to indicate sourceMappingURL pragmas is deprecated. Use //# instead
JavaScript warning: https://automationexercise.com/static/js/jquery.js, line 2: Using //@ to indicate sourceMappingURL pragmas is deprecated. Use //# instead
]]></system-err>
  </testcase>
  <testcase name="registerUserWithExistingEmail" classname="com.automationexercise.tests.TestCase5" time="1.093">
    <system-err><![CDATA[1722653875000	Marionette	INFO	Stopped listening on port 55437
JavaScript error: resource://gre/actors/FormHandlerChild.sys.mjs, line 103: InvalidStateError: JSWindowActorChild.document getter: Cannot access property 'document' after actor 'FormHandler' has been destroyed
Dynamically enable window occlusion 1
1722653875730	geckodriver	INFO	Listening on 127.0.0.1:46257
1722653875760	mozrunner::runner	INFO	Running command: "C:\\Program Files\\Firefox Developer Edition\\firefox.exe" "--marionette" "--private" "--remote-debugging-p ... localhost:26713/,http://[::1]:26713/" "-no-remote" "-profile" "C:\\Users\\20122\\AppData\\Local\\Temp\\rust_mozprofilecv6Sp4"
console.warn: services.settings: Ignoring preference override of remote settings server
console.warn: services.settings: Allow by setting MOZ_REMOTE_SETTINGS_DEVTOOLS=1 in the environment
Dynamically enable window occlusion 0
1722653876043	Marionette	INFO	Marionette enabled
1722653876137	Marionette	INFO	Listening on port 55591
WebDriver BiDi listening on ws://127.0.0.1:26713
Read port: 55591
1722653876254	RemoteAgent	WARN	TLS certificate errors will be ignored for this session
JavaScript warning: https://automationexercise.com/static/js/jquery.js, line 2: Using //@ to indicate sourceMappingURL pragmas is deprecated. Use //# instead
JavaScript warning: https://automationexercise.com/static/js/jquery.js, line 2: Using //@ to indicate sourceMappingURL pragmas is deprecated. Use //# instead
console.warn: LoginRecipes: "Falling back to a synchronous message for: https://automationexercise.com."
console.warn: LoginRecipes: "Falling back to a synchronous message for: https://automationexercise.com."
console.warn: LoginRecipes: "Falling back to a synchronous message for: https://automationexercise.com."
console.warn: LoginRecipes: "Falling back to a synchronous message for: https://automationexercise.com."
JavaScript error: , line 0: uncaught exception: undefined
JavaScript warning: https://automationexercise.com/static/js/jquery.js, line 2: Using //@ to indicate sourceMappingURL pragmas is deprecated. Use //# instead
]]></system-err>
  </testcase>
</testsuite>